<?xml version="1.0" encoding="UTF-8"?>
<testsuites name="Test Suite 0" time="69.006" tests="2" failures="0" errors="0">
   <testsuite name="Test Suite 0" tests="2" failures="0" errors="0" time="69.006" skipped="0" timestamp="2021-06-02 10:56:06" hostname="huephan - 38L7SQ2.kms.com.vn" id="Test Suites/Test Suite 0">
      <properties>
         <property name="deviceName" value=""/>
         <property name="devicePlatform" value=""/>
         <property name="logFolder" value="D:\\KatalonTest0\\KatalonTest2\\Reports\\20210602_105546\\Test Suite 0\\20210602_105547"/>
         <property name="logFiles" value="D:\\KatalonTest0\\KatalonTest2\\Reports\\20210602_105546\\Test Suite 0\\20210602_105547\\execution0.log"/>
         <property name="attachments" value=""/>
         <property name="hostName" value="huephan - 38L7SQ2.kms.com.vn"/>
         <property name="os" value="Windows 10 64bit"/>
         <property name="katalonVersion" value="8.0.1.208"/>
         <property name="browser" value="Chrome 90.0.4430.212"/>
         <property name="hostAddress" value="192.168.1.108"/>
         <property name="sessionId" value="7f6e6d15fb2733cde0e4b2b95ff89a62"/>
         <property name="seleniumVersion" value="3.141.59"/>
         <property name="proxyInformation" value="ProxyInformation { proxyOption=NO_PROXY, proxyServerType=HTTP, username=, password=********, proxyServerAddress=, proxyServerPort=0, executionList=&quot;&quot;, isApplyToDesiredCapabilities=true }"/>
         <property name="platform" value="Windows 10"/>
      </properties>
      <testcase name="Test Cases/TC1_Login_wrongPass" time="33.493" classname="Test Cases/TC1_Login_wrongPass" status="PASSED">
         <system-out><![CDATA[2021-06-02 10:56:06 - [TEST_CASE][PASSED] - Test Cases/TC1_Login_wrongPass: Test Cases/TC1_Login_wrongPass

2021-06-02 10:56:07 - [TEST_STEP][PASSED] - openBrowser(""): Browser is opened with url: ''

2021-06-02 10:56:07 - [MESSAGE][INFO] - Starting 'Chrome' driver

2021-06-02 10:56:07 - [MESSAGE][INFO] - Action delay is set to 0 milliseconds

2021-06-02 10:56:10 - [MESSAGE][PASSED] - Browser is opened with url: ''

2021-06-02 10:56:10 - [TEST_STEP][PASSED] - navigateToUrl("https://katalon-demo-cura.herokuapp.com/"): Navigate to 'https://katalon-demo-cura.herokuapp.com/' successfully

2021-06-02 10:56:36 - [MESSAGE][PASSED] - Navigate to 'https://katalon-demo-cura.herokuapp.com/' successfully

2021-06-02 10:56:36 - [TEST_STEP][PASSED] - click(findTestObject("Object Repository/Page_CURA Healthcare Service/a_Make Appointment")): Object: 'Object Repository/Page_CURA Healthcare Service/a_Make Appointment' is clicked on

2021-06-02 10:56:37 - [MESSAGE][PASSED] - Object: 'Object Repository/Page_CURA Healthcare Service/a_Make Appointment' is clicked on

2021-06-02 10:56:37 - [TEST_STEP][PASSED] - setText(findTestObject("Object Repository/Page_CURA Healthcare Service/input_Username_username"), "John Doe"): Text 'John Doe' is set on object 'Object Repository/Page_CURA Healthcare Service/input_Username_username'

2021-06-02 10:56:38 - [MESSAGE][PASSED] - Text 'John Doe' is set on object 'Object Repository/Page_CURA Healthcare Service/input_Username_username'

2021-06-02 10:56:38 - [TEST_STEP][PASSED] - setEncryptedText(findTestObject("Object Repository/Page_CURA Healthcare Service/input_Password_password"), "Drdf0uXxbmUFvNZ+VZZhWQ=="): Text ****** has been set on object 'Object Repository/Page_CURA Healthcare Service/input_Password_password'

2021-06-02 10:56:38 - [MESSAGE][PASSED] - Text ****** has been set on object 'Object Repository/Page_CURA Healthcare Service/input_Password_password'

2021-06-02 10:56:38 - [TEST_STEP][PASSED] - click(findTestObject("Object Repository/Page_CURA Healthcare Service/button_Login")): Object: 'Object Repository/Page_CURA Healthcare Service/button_Login' is clicked on

2021-06-02 10:56:39 - [MESSAGE][PASSED] - Object: 'Object Repository/Page_CURA Healthcare Service/button_Login' is clicked on

2021-06-02 10:56:39 - [TEST_STEP][PASSED] - closeBrowser(): Browser is closed

2021-06-02 10:56:40 - [MESSAGE][PASSED] - Browser is closed]]></system-out>
         <system-err><![CDATA[]]></system-err>
      </testcase>
      <testcase name="Test Cases/TC2_Login_CorrectPass" time="34.471" classname="Test Cases/TC2_Login_CorrectPass" status="PASSED">
         <system-out><![CDATA[2021-06-02 10:56:40 - [TEST_CASE][PASSED] - Test Cases/TC2_Login_CorrectPass: Test Cases/TC2_Login_CorrectPass

2021-06-02 10:56:40 - [TEST_STEP][PASSED] - openBrowser(""): Browser is opened with url: ''

2021-06-02 10:56:40 - [MESSAGE][INFO] - Starting 'Chrome' driver

2021-06-02 10:56:40 - [MESSAGE][INFO] - Action delay is set to 0 milliseconds

2021-06-02 10:56:43 - [MESSAGE][PASSED] - Browser is opened with url: ''

2021-06-02 10:56:43 - [TEST_STEP][PASSED] - navigateToUrl("https://katalon-demo-cura.herokuapp.com/"): Navigate to 'https://katalon-demo-cura.herokuapp.com/' successfully

2021-06-02 10:57:10 - [MESSAGE][PASSED] - Navigate to 'https://katalon-demo-cura.herokuapp.com/' successfully

2021-06-02 10:57:10 - [TEST_STEP][PASSED] - click(findTestObject("Object Repository/Page_CURA Healthcare Service/a_Make Appointment")): Object: 'Object Repository/Page_CURA Healthcare Service/a_Make Appointment' is clicked on

2021-06-02 10:57:11 - [MESSAGE][PASSED] - Object: 'Object Repository/Page_CURA Healthcare Service/a_Make Appointment' is clicked on

2021-06-02 10:57:11 - [TEST_STEP][PASSED] - setText(findTestObject("Object Repository/Page_CURA Healthcare Service/input_Username_username"), "John Doe"): Text 'John Doe' is set on object 'Object Repository/Page_CURA Healthcare Service/input_Username_username'

2021-06-02 10:57:12 - [MESSAGE][PASSED] - Text 'John Doe' is set on object 'Object Repository/Page_CURA Healthcare Service/input_Username_username'

2021-06-02 10:57:12 - [TEST_STEP][PASSED] - setEncryptedText(findTestObject("Object Repository/Page_CURA Healthcare Service/input_Password_password"), "g3/DOGG74jC3Flrr3yH+3D/yKbOqqUNM"): Text ****** has been set on object 'Object Repository/Page_CURA Healthcare Service/input_Password_password'

2021-06-02 10:57:13 - [MESSAGE][PASSED] - Text ****** has been set on object 'Object Repository/Page_CURA Healthcare Service/input_Password_password'

2021-06-02 10:57:13 - [TEST_STEP][PASSED] - click(findTestObject("Object Repository/Page_CURA Healthcare Service/button_Login")): Object: 'Object Repository/Page_CURA Healthcare Service/button_Login' is clicked on

2021-06-02 10:57:14 - [MESSAGE][PASSED] - Object: 'Object Repository/Page_CURA Healthcare Service/button_Login' is clicked on

2021-06-02 10:57:14 - [TEST_STEP][PASSED] - closeBrowser(): Browser is closed

2021-06-02 10:57:14 - [MESSAGE][PASSED] - Browser is closed]]></system-out>
         <system-err><![CDATA[]]></system-err>
      </testcase>
      <system-out><![CDATA[2021-06-02 10:56:06 - [TEST_SUITE][PASSED] - Test Suite 0: Test Cases/TC2_Login_CorrectPass]]></system-out>
      <system-err><![CDATA[]]></system-err>
   </testsuite>
</testsuites>
